<?xml version="1.0" encoding="UTF-8"?>
<testng-results ignored="0" total="1" passed="1" failed="0" skipped="0">
  <reporter-output>
  </reporter-output>
  <suite started-at="2025-07-17T01:03:42 IST" name="Default suite" finished-at="2025-07-17T01:03:51 IST" duration-ms="8743">
    <groups>
    </groups>
    <test started-at="2025-07-17T01:03:42 IST" name="Default test" finished-at="2025-07-17T01:03:51 IST" duration-ms="8743">
      <class name="com.test.GoogleSearchTest">
        <test-method signature="searchSeleniumOnGoogle()[pri:0, instance:com.test.GoogleSearchTest@5b8dfcc1]" started-at="2025-07-17T01:03:42 IST" name="searchSeleniumOnGoogle" finished-at="2025-07-17T01:03:51 IST" duration-ms="8680" status="PASS">
          <reporter-output>
          </reporter-output>
        </test-method> <!-- searchSeleniumOnGoogle -->
      </class> <!-- com.test.GoogleSearchTest -->
    </test> <!-- Default test -->
  </suite> <!-- Default suite -->
</testng-results>
